CRITICAL - 2024-05-23 02:24:36 --> ParseError: syntax error, unexpected token "=", expecting ")"
[Method: POST, Route: registrar_cliente]
in APPPATH\Views\contenido\registrar_cliente.php on line 48.
 1 SYSTEMPATH\View\View.php(237): CodeIgniter\View\View->CodeIgniter\View\{closure}()
 2 SYSTEMPATH\Common.php(1171): CodeIgniter\View\View->render('contenido/registrar_cliente', [], true)
 3 APPPATH\Controllers\UserController.php(68): view('contenido/registrar_cliente')
 4 SYSTEMPATH\CodeIgniter.php(933): App\Controllers\UserController->add_cliente()
 5 SYSTEMPATH\CodeIgniter.php(509): CodeIgniter\CodeIgniter->runController(Object(App\Controllers\UserController))
 6 SYSTEMPATH\CodeIgniter.php(355): CodeIgniter\CodeIgniter->handleRequest(null, Object(Config\Cache), false)
 7 SYSTEMPATH\Boot.php(312): CodeIgniter\CodeIgniter->run()
 8 SYSTEMPATH\Boot.php(67): CodeIgniter\Boot::runCodeIgniter(Object(CodeIgniter\CodeIgniter))
 9 FCPATH\index.php(56): CodeIgniter\Boot::bootWeb(Object(Config\Paths))
CRITICAL - 2024-05-23 02:50:51 --> Error: Call to a member function getError() on array
[Method: GET, Route: registrar_cliente]
in APPPATH\Views\contenido\registrar_cliente.php on line 21.
 1 SYSTEMPATH\View\View.php(234): include()
 2 SYSTEMPATH\View\View.php(237): CodeIgniter\View\View->CodeIgniter\View\{closure}()
 3 SYSTEMPATH\Common.php(1171): CodeIgniter\View\View->render('contenido/registrar_cliente', [], true)
 4 APPPATH\Controllers\UserController.php(69): view('contenido/registrar_cliente')
 5 SYSTEMPATH\CodeIgniter.php(933): App\Controllers\UserController->add_cliente()
 6 SYSTEMPATH\CodeIgniter.php(509): CodeIgniter\CodeIgniter->runController(Object(App\Controllers\UserController))
 7 SYSTEMPATH\CodeIgniter.php(355): CodeIgniter\CodeIgniter->handleRequest(null, Object(Config\Cache), false)
 8 SYSTEMPATH\Boot.php(312): CodeIgniter\CodeIgniter->run()
 9 SYSTEMPATH\Boot.php(67): CodeIgniter\Boot::runCodeIgniter(Object(CodeIgniter\CodeIgniter))
10 FCPATH\index.php(56): CodeIgniter\Boot::bootWeb(Object(Config\Paths))
CRITICAL - 2024-05-23 02:50:58 --> Error: Call to a member function getError() on array
[Method: GET, Route: registrar_cliente]
in APPPATH\Views\contenido\registrar_cliente.php on line 21.
 1 SYSTEMPATH\View\View.php(234): include()
 2 SYSTEMPATH\View\View.php(237): CodeIgniter\View\View->CodeIgniter\View\{closure}()
 3 SYSTEMPATH\Common.php(1171): CodeIgniter\View\View->render('contenido/registrar_cliente', [], true)
 4 APPPATH\Controllers\UserController.php(69): view('contenido/registrar_cliente')
 5 SYSTEMPATH\CodeIgniter.php(933): App\Controllers\UserController->add_cliente()
 6 SYSTEMPATH\CodeIgniter.php(509): CodeIgniter\CodeIgniter->runController(Object(App\Controllers\UserController))
 7 SYSTEMPATH\CodeIgniter.php(355): CodeIgniter\CodeIgniter->handleRequest(null, Object(Config\Cache), false)
 8 SYSTEMPATH\Boot.php(312): CodeIgniter\CodeIgniter->run()
 9 SYSTEMPATH\Boot.php(67): CodeIgniter\Boot::runCodeIgniter(Object(CodeIgniter\CodeIgniter))
10 FCPATH\index.php(56): CodeIgniter\Boot::bootWeb(Object(Config\Paths))
INFO - 2024-05-23 02:51:20 --> Session: Class initialized using 'CodeIgniter\Session\Handlers\FileHandler' driver.
INFO - 2024-05-23 02:56:51 --> Session: Class initialized using 'CodeIgniter\Session\Handlers\FileHandler' driver.
INFO - 2024-05-23 02:57:45 --> Session: Class initialized using 'CodeIgniter\Session\Handlers\FileHandler' driver.
INFO - 2024-05-23 03:17:07 --> Session: Class initialized using 'CodeIgniter\Session\Handlers\FileHandler' driver.
INFO - 2024-05-23 03:17:35 --> Session: Class initialized using 'CodeIgniter\Session\Handlers\FileHandler' driver.
INFO - 2024-05-23 03:17:49 --> Session: Class initialized using 'CodeIgniter\Session\Handlers\FileHandler' driver.
INFO - 2024-05-23 04:10:14 --> Session: Class initialized using 'CodeIgniter\Session\Handlers\FileHandler' driver.
INFO - 2024-05-23 04:12:45 --> Session: Class initialized using 'CodeIgniter\Session\Handlers\FileHandler' driver.
INFO - 2024-05-23 04:22:39 --> Session: Class initialized using 'CodeIgniter\Session\Handlers\FileHandler' driver.
INFO - 2024-05-23 04:23:14 --> Session: Class initialized using 'CodeIgniter\Session\Handlers\FileHandler' driver.
INFO - 2024-05-23 04:39:19 --> Session: Class initialized using 'CodeIgniter\Session\Handlers\FileHandler' driver.
INFO - 2024-05-23 04:40:36 --> Session: Class initialized using 'CodeIgniter\Session\Handlers\FileHandler' driver.
INFO - 2024-05-23 04:41:34 --> Session: Class initialized using 'CodeIgniter\Session\Handlers\FileHandler' driver.
INFO - 2024-05-23 05:04:08 --> Session: Class initialized using 'CodeIgniter\Session\Handlers\FileHandler' driver.
INFO - 2024-05-23 05:11:40 --> Session: Class initialized using 'CodeIgniter\Session\Handlers\FileHandler' driver.
INFO - 2024-05-23 05:12:03 --> Session: Class initialized using 'CodeIgniter\Session\Handlers\FileHandler' driver.
INFO - 2024-05-23 05:12:45 --> Session: Class initialized using 'CodeIgniter\Session\Handlers\FileHandler' driver.
INFO - 2024-05-23 05:13:57 --> Session: Class initialized using 'CodeIgniter\Session\Handlers\FileHandler' driver.
INFO - 2024-05-23 05:38:31 --> Session: Class initialized using 'CodeIgniter\Session\Handlers\FileHandler' driver.
INFO - 2024-05-23 05:40:15 --> Session: Class initialized using 'CodeIgniter\Session\Handlers\FileHandler' driver.
INFO - 2024-05-23 05:41:04 --> Session: Class initialized using 'CodeIgniter\Session\Handlers\FileHandler' driver.
ERROR - 2024-05-23 07:19:49 --> Error connecting to the database: mysqli_sql_exception: Access denied for user ''@'localhost' (using password: NO) in C:\xampp1\htdocs\proyecto_bret_fati\system\Database\MySQLi\Connection.php:186
Stack trace:
#0 C:\xampp1\htdocs\proyecto_bret_fati\system\Database\MySQLi\Connection.php(186): mysqli->real_connect('localhost', '', Object(SensitiveParameterValue), '', 3306, '', 0)
#1 C:\xampp1\htdocs\proyecto_bret_fati\system\Database\BaseConnection.php(421): CodeIgniter\Database\MySQLi\Connection->connect(false)
#2 C:\xampp1\htdocs\proyecto_bret_fati\system\Database\BaseConnection.php(604): CodeIgniter\Database\BaseConnection->initialize()
#3 C:\xampp1\htdocs\proyecto_bret_fati\system\Database\BaseBuilder.php(1629): CodeIgniter\Database\BaseConnection->query('SELECT 1\nFROM `...', Array, false)
#4 C:\xampp1\htdocs\proyecto_bret_fati\system\Validation\StrictRules\Rules.php(228): CodeIgniter\Database\BaseBuilder->get()
#5 C:\xampp1\htdocs\proyecto_bret_fati\system\Validation\Validation.php(336): CodeIgniter\Validation\StrictRules\Rules->is_unique('fatimabret@outl...', 'mail_usuario', Array, NULL, 'correo')
#6 C:\xampp1\htdocs\proyecto_bret_fati\system\Validation\Validation.php(201): CodeIgniter\Validation\Validation->processRules('correo', 'correo', 'fatimabret@outl...', Array, Array, 'correo')
#7 C:\xampp1\htdocs\proyecto_bret_fati\app\Controllers\UserController.php(53): CodeIgniter\Validation\Validation->run()
#8 C:\xampp1\htdocs\proyecto_bret_fati\system\CodeIgniter.php(933): App\Controllers\UserController->add_cliente()
#9 C:\xampp1\htdocs\proyecto_bret_fati\system\CodeIgniter.php(509): CodeIgniter\CodeIgniter->runController(Object(App\Controllers\UserController))
#10 C:\xampp1\htdocs\proyecto_bret_fati\system\CodeIgniter.php(355): CodeIgniter\CodeIgniter->handleRequest(NULL, Object(Config\Cache), false)
#11 C:\xampp1\htdocs\proyecto_bret_fati\system\Boot.php(312): CodeIgniter\CodeIgniter->run()
#12 C:\xampp1\htdocs\proyecto_bret_fati\system\Boot.php(67): CodeIgniter\Boot::runCodeIgniter(Object(CodeIgniter\CodeIgniter))
#13 C:\xampp1\htdocs\proyecto_bret_fati\index.php(56): CodeIgniter\Boot::bootWeb(Object(Config\Paths))
#14 {main}

Next CodeIgniter\Database\Exceptions\DatabaseException: Access denied for user ''@'localhost' (using password: NO) in C:\xampp1\htdocs\proyecto_bret_fati\system\Database\MySQLi\Connection.php:231
Stack trace:
#0 C:\xampp1\htdocs\proyecto_bret_fati\system\Database\BaseConnection.php(421): CodeIgniter\Database\MySQLi\Connection->connect(false)
#1 C:\xampp1\htdocs\proyecto_bret_fati\system\Database\BaseConnection.php(604): CodeIgniter\Database\BaseConnection->initialize()
#2 C:\xampp1\htdocs\proyecto_bret_fati\system\Database\BaseBuilder.php(1629): CodeIgniter\Database\BaseConnection->query('SELECT 1\nFROM `...', Array, false)
#3 C:\xampp1\htdocs\proyecto_bret_fati\system\Validation\StrictRules\Rules.php(228): CodeIgniter\Database\BaseBuilder->get()
#4 C:\xampp1\htdocs\proyecto_bret_fati\system\Validation\Validation.php(336): CodeIgniter\Validation\StrictRules\Rules->is_unique('fatimabret@outl...', 'mail_usuario', Array, NULL, 'correo')
#5 C:\xampp1\htdocs\proyecto_bret_fati\system\Validation\Validation.php(201): CodeIgniter\Validation\Validation->processRules('correo', 'correo', 'fatimabret@outl...', Array, Array, 'correo')
#6 C:\xampp1\htdocs\proyecto_bret_fati\app\Controllers\UserController.php(53): CodeIgniter\Validation\Validation->run()
#7 C:\xampp1\htdocs\proyecto_bret_fati\system\CodeIgniter.php(933): App\Controllers\UserController->add_cliente()
#8 C:\xampp1\htdocs\proyecto_bret_fati\system\CodeIgniter.php(509): CodeIgniter\CodeIgniter->runController(Object(App\Controllers\UserController))
#9 C:\xampp1\htdocs\proyecto_bret_fati\system\CodeIgniter.php(355): CodeIgniter\CodeIgniter->handleRequest(NULL, Object(Config\Cache), false)
#10 C:\xampp1\htdocs\proyecto_bret_fati\system\Boot.php(312): CodeIgniter\CodeIgniter->run()
#11 C:\xampp1\htdocs\proyecto_bret_fati\system\Boot.php(67): CodeIgniter\Boot::runCodeIgniter(Object(CodeIgniter\CodeIgniter))
#12 C:\xampp1\htdocs\proyecto_bret_fati\index.php(56): CodeIgniter\Boot::bootWeb(Object(Config\Paths))
#13 {main}
CRITICAL - 2024-05-23 07:19:49 --> CodeIgniter\Database\Exceptions\DatabaseException: Unable to connect to the database.
Main connection [MySQLi]: Access denied for user ''@'localhost' (using password: NO)
[Method: POST, Route: registrar_cliente]
in SYSTEMPATH\Database\BaseConnection.php on line 457.
 1 SYSTEMPATH\Database\BaseConnection.php(604): CodeIgniter\Database\BaseConnection->initialize()
 2 SYSTEMPATH\Database\BaseBuilder.php(1629): CodeIgniter\Database\BaseConnection->query('SELECT 1
FROM `usuario`
WHERE `mail_usuario` = :mail_usuario:
 LIMIT 1', [...], false)
 3 SYSTEMPATH\Validation\StrictRules\Rules.php(228): CodeIgniter\Database\BaseBuilder->get()
 4 SYSTEMPATH\Validation\Validation.php(336): CodeIgniter\Validation\StrictRules\Rules->is_unique('fatimabret@outlook.com', 'mail_usuario', [...], null, 'correo')
 5 SYSTEMPATH\Validation\Validation.php(201): CodeIgniter\Validation\Validation->processRules('correo', 'correo', 'fatimabret@outlook.com', [...], [...], 'correo')
 6 APPPATH\Controllers\UserController.php(53): CodeIgniter\Validation\Validation->run()
 7 SYSTEMPATH\CodeIgniter.php(933): App\Controllers\UserController->add_cliente()
 8 SYSTEMPATH\CodeIgniter.php(509): CodeIgniter\CodeIgniter->runController(Object(App\Controllers\UserController))
 9 SYSTEMPATH\CodeIgniter.php(355): CodeIgniter\CodeIgniter->handleRequest(null, Object(Config\Cache), false)
10 SYSTEMPATH\Boot.php(312): CodeIgniter\CodeIgniter->run()
11 SYSTEMPATH\Boot.php(67): CodeIgniter\Boot::runCodeIgniter(Object(CodeIgniter\CodeIgniter))
12 FCPATH\index.php(56): CodeIgniter\Boot::bootWeb(Object(Config\Paths))
ERROR - 2024-05-23 07:25:23 --> Error connecting to the database: mysqli_sql_exception: Access denied for user 'fatimabret@outlook.com'@'localhost' (using password: YES) in C:\xampp1\htdocs\proyecto_bret_fati\system\Database\MySQLi\Connection.php:186
Stack trace:
#0 C:\xampp1\htdocs\proyecto_bret_fati\system\Database\MySQLi\Connection.php(186): mysqli->real_connect('localhost', 'fatimabret@outl...', Object(SensitiveParameterValue), '', 3306, '', 0)
#1 C:\xampp1\htdocs\proyecto_bret_fati\system\Database\BaseConnection.php(421): CodeIgniter\Database\MySQLi\Connection->connect(false)
#2 C:\xampp1\htdocs\proyecto_bret_fati\system\Database\BaseConnection.php(604): CodeIgniter\Database\BaseConnection->initialize()
#3 C:\xampp1\htdocs\proyecto_bret_fati\system\Database\BaseBuilder.php(1629): CodeIgniter\Database\BaseConnection->query('SELECT 1\nFROM `...', Array, false)
#4 C:\xampp1\htdocs\proyecto_bret_fati\system\Validation\StrictRules\Rules.php(228): CodeIgniter\Database\BaseBuilder->get()
#5 C:\xampp1\htdocs\proyecto_bret_fati\system\Validation\Validation.php(336): CodeIgniter\Validation\StrictRules\Rules->is_unique('fatimabret@outl...', 'mail_usuario', Array, NULL, 'correo')
#6 C:\xampp1\htdocs\proyecto_bret_fati\system\Validation\Validation.php(201): CodeIgniter\Validation\Validation->processRules('correo', 'correo', 'fatimabret@outl...', Array, Array, 'correo')
#7 C:\xampp1\htdocs\proyecto_bret_fati\app\Controllers\UserController.php(53): CodeIgniter\Validation\Validation->run()
#8 C:\xampp1\htdocs\proyecto_bret_fati\system\CodeIgniter.php(933): App\Controllers\UserController->add_cliente()
#9 C:\xampp1\htdocs\proyecto_bret_fati\system\CodeIgniter.php(509): CodeIgniter\CodeIgniter->runController(Object(App\Controllers\UserController))
#10 C:\xampp1\htdocs\proyecto_bret_fati\system\CodeIgniter.php(355): CodeIgniter\CodeIgniter->handleRequest(NULL, Object(Config\Cache), false)
#11 C:\xampp1\htdocs\proyecto_bret_fati\system\Boot.php(312): CodeIgniter\CodeIgniter->run()
#12 C:\xampp1\htdocs\proyecto_bret_fati\system\Boot.php(67): CodeIgniter\Boot::runCodeIgniter(Object(CodeIgniter\CodeIgniter))
#13 C:\xampp1\htdocs\proyecto_bret_fati\index.php(56): CodeIgniter\Boot::bootWeb(Object(Config\Paths))
#14 {main}

Next CodeIgniter\Database\Exceptions\DatabaseException: Access denied for user '****'@'localhost' (using password: YES) in C:\xampp1\htdocs\proyecto_bret_fati\system\Database\MySQLi\Connection.php:231
Stack trace:
#0 C:\xampp1\htdocs\proyecto_bret_fati\system\Database\BaseConnection.php(421): CodeIgniter\Database\MySQLi\Connection->connect(false)
#1 C:\xampp1\htdocs\proyecto_bret_fati\system\Database\BaseConnection.php(604): CodeIgniter\Database\BaseConnection->initialize()
#2 C:\xampp1\htdocs\proyecto_bret_fati\system\Database\BaseBuilder.php(1629): CodeIgniter\Database\BaseConnection->query('SELECT 1\nFROM `...', Array, false)
#3 C:\xampp1\htdocs\proyecto_bret_fati\system\Validation\StrictRules\Rules.php(228): CodeIgniter\Database\BaseBuilder->get()
#4 C:\xampp1\htdocs\proyecto_bret_fati\system\Validation\Validation.php(336): CodeIgniter\Validation\StrictRules\Rules->is_unique('fatimabret@outl...', 'mail_usuario', Array, NULL, 'correo')
#5 C:\xampp1\htdocs\proyecto_bret_fati\system\Validation\Validation.php(201): CodeIgniter\Validation\Validation->processRules('correo', 'correo', 'fatimabret@outl...', Array, Array, 'correo')
#6 C:\xampp1\htdocs\proyecto_bret_fati\app\Controllers\UserController.php(53): CodeIgniter\Validation\Validation->run()
#7 C:\xampp1\htdocs\proyecto_bret_fati\system\CodeIgniter.php(933): App\Controllers\UserController->add_cliente()
#8 C:\xampp1\htdocs\proyecto_bret_fati\system\CodeIgniter.php(509): CodeIgniter\CodeIgniter->runController(Object(App\Controllers\UserController))
#9 C:\xampp1\htdocs\proyecto_bret_fati\system\CodeIgniter.php(355): CodeIgniter\CodeIgniter->handleRequest(NULL, Object(Config\Cache), false)
#10 C:\xampp1\htdocs\proyecto_bret_fati\system\Boot.php(312): CodeIgniter\CodeIgniter->run()
#11 C:\xampp1\htdocs\proyecto_bret_fati\system\Boot.php(67): CodeIgniter\Boot::runCodeIgniter(Object(CodeIgniter\CodeIgniter))
#12 C:\xampp1\htdocs\proyecto_bret_fati\index.php(56): CodeIgniter\Boot::bootWeb(Object(Config\Paths))
#13 {main}
CRITICAL - 2024-05-23 07:25:23 --> CodeIgniter\Database\Exceptions\DatabaseException: Unable to connect to the database.
Main connection [MySQLi]: Access denied for user '****'@'localhost' (using password: YES)
[Method: POST, Route: registrar_cliente]
in SYSTEMPATH\Database\BaseConnection.php on line 457.
 1 SYSTEMPATH\Database\BaseConnection.php(604): CodeIgniter\Database\BaseConnection->initialize()
 2 SYSTEMPATH\Database\BaseBuilder.php(1629): CodeIgniter\Database\BaseConnection->query('SELECT 1
FROM `usuario`
WHERE `mail_usuario` = :mail_usuario:
 LIMIT 1', [...], false)
 3 SYSTEMPATH\Validation\StrictRules\Rules.php(228): CodeIgniter\Database\BaseBuilder->get()
 4 SYSTEMPATH\Validation\Validation.php(336): CodeIgniter\Validation\StrictRules\Rules->is_unique('fatimabret@outlook.com', 'mail_usuario', [...], null, 'correo')
 5 SYSTEMPATH\Validation\Validation.php(201): CodeIgniter\Validation\Validation->processRules('correo', 'correo', 'fatimabret@outlook.com', [...], [...], 'correo')
 6 APPPATH\Controllers\UserController.php(53): CodeIgniter\Validation\Validation->run()
 7 SYSTEMPATH\CodeIgniter.php(933): App\Controllers\UserController->add_cliente()
 8 SYSTEMPATH\CodeIgniter.php(509): CodeIgniter\CodeIgniter->runController(Object(App\Controllers\UserController))
 9 SYSTEMPATH\CodeIgniter.php(355): CodeIgniter\CodeIgniter->handleRequest(null, Object(Config\Cache), false)
10 SYSTEMPATH\Boot.php(312): CodeIgniter\CodeIgniter->run()
11 SYSTEMPATH\Boot.php(67): CodeIgniter\Boot::runCodeIgniter(Object(CodeIgniter\CodeIgniter))
12 FCPATH\index.php(56): CodeIgniter\Boot::bootWeb(Object(Config\Paths))
INFO - 2024-05-23 07:57:28 --> Session: Class initialized using 'CodeIgniter\Session\Handlers\FileHandler' driver.
INFO - 2024-05-23 07:57:31 --> Session: Class initialized using 'CodeIgniter\Session\Handlers\FileHandler' driver.
INFO - 2024-05-23 08:40:52 --> Session: Class initialized using 'CodeIgniter\Session\Handlers\FileHandler' driver.
INFO - 2024-05-23 11:18:33 --> Session: Class initialized using 'CodeIgniter\Session\Handlers\FileHandler' driver.
INFO - 2024-05-23 11:18:37 --> Session: Class initialized using 'CodeIgniter\Session\Handlers\FileHandler' driver.
CRITICAL - 2024-05-23 11:21:39 --> ParseError: syntax error, unexpected token "=>", expecting "]"
[Method: POST, Route: contacto]
in APPPATH\Views\contenido\contacto.php on line 53.
 1 SYSTEMPATH\View\View.php(237): CodeIgniter\View\View->CodeIgniter\View\{closure}()
 2 SYSTEMPATH\Common.php(1171): CodeIgniter\View\View->render('contenido/contacto', [], true)
 3 APPPATH\Controllers\UserController.php(72): view('contenido/contacto', [...])
 4 SYSTEMPATH\CodeIgniter.php(933): App\Controllers\UserController->add_consulta()
 5 SYSTEMPATH\CodeIgniter.php(509): CodeIgniter\CodeIgniter->runController(Object(App\Controllers\UserController))
 6 SYSTEMPATH\CodeIgniter.php(355): CodeIgniter\CodeIgniter->handleRequest(null, Object(Config\Cache), false)
 7 SYSTEMPATH\Boot.php(312): CodeIgniter\CodeIgniter->run()
 8 SYSTEMPATH\Boot.php(67): CodeIgniter\Boot::runCodeIgniter(Object(CodeIgniter\CodeIgniter))
 9 FCPATH\index.php(56): CodeIgniter\Boot::bootWeb(Object(Config\Paths))
CRITICAL - 2024-05-23 11:24:54 --> ParseError: syntax error, unexpected token "=>", expecting "]"
[Method: POST, Route: contacto]
in APPPATH\Views\contenido\contacto.php on line 53.
 1 SYSTEMPATH\View\View.php(237): CodeIgniter\View\View->CodeIgniter\View\{closure}()
 2 SYSTEMPATH\Common.php(1171): CodeIgniter\View\View->render('contenido/contacto', [], true)
 3 APPPATH\Controllers\UserController.php(72): view('contenido/contacto', [...])
 4 SYSTEMPATH\CodeIgniter.php(933): App\Controllers\UserController->add_consulta()
 5 SYSTEMPATH\CodeIgniter.php(509): CodeIgniter\CodeIgniter->runController(Object(App\Controllers\UserController))
 6 SYSTEMPATH\CodeIgniter.php(355): CodeIgniter\CodeIgniter->handleRequest(null, Object(Config\Cache), false)
 7 SYSTEMPATH\Boot.php(312): CodeIgniter\CodeIgniter->run()
 8 SYSTEMPATH\Boot.php(67): CodeIgniter\Boot::runCodeIgniter(Object(CodeIgniter\CodeIgniter))
 9 FCPATH\index.php(56): CodeIgniter\Boot::bootWeb(Object(Config\Paths))
CRITICAL - 2024-05-23 12:11:23 --> Error: Class "App\Models\UsuarioModel" not found
[Method: POST, Route: iniciarSesion]
in APPPATH\Controllers\UserController.php on line 108.
 1 SYSTEMPATH\CodeIgniter.php(933): App\Controllers\UserController->iniciar_sesion()
 2 SYSTEMPATH\CodeIgniter.php(509): CodeIgniter\CodeIgniter->runController(Object(App\Controllers\UserController))
 3 SYSTEMPATH\CodeIgniter.php(355): CodeIgniter\CodeIgniter->handleRequest(null, Object(Config\Cache), false)
 4 SYSTEMPATH\Boot.php(312): CodeIgniter\CodeIgniter->run()
 5 SYSTEMPATH\Boot.php(67): CodeIgniter\Boot::runCodeIgniter(Object(CodeIgniter\CodeIgniter))
 6 FCPATH\index.php(56): CodeIgniter\Boot::bootWeb(Object(Config\Paths))
CRITICAL - 2024-05-23 12:15:48 --> Error: Class "App\Models\UsuarioModel" not found
[Method: POST, Route: iniciarSesion]
in APPPATH\Controllers\UserController.php on line 108.
 1 SYSTEMPATH\CodeIgniter.php(933): App\Controllers\UserController->iniciar_sesion()
 2 SYSTEMPATH\CodeIgniter.php(509): CodeIgniter\CodeIgniter->runController(Object(App\Controllers\UserController))
 3 SYSTEMPATH\CodeIgniter.php(355): CodeIgniter\CodeIgniter->handleRequest(null, Object(Config\Cache), false)
 4 SYSTEMPATH\Boot.php(312): CodeIgniter\CodeIgniter->run()
 5 SYSTEMPATH\Boot.php(67): CodeIgniter\Boot::runCodeIgniter(Object(CodeIgniter\CodeIgniter))
 6 FCPATH\index.php(56): CodeIgniter\Boot::bootWeb(Object(Config\Paths))
CRITICAL - 2024-05-23 12:15:54 --> Error: Class "App\Models\UsuarioModel" not found
[Method: POST, Route: iniciarSesion]
in APPPATH\Controllers\UserController.php on line 108.
 1 SYSTEMPATH\CodeIgniter.php(933): App\Controllers\UserController->iniciar_sesion()
 2 SYSTEMPATH\CodeIgniter.php(509): CodeIgniter\CodeIgniter->runController(Object(App\Controllers\UserController))
 3 SYSTEMPATH\CodeIgniter.php(355): CodeIgniter\CodeIgniter->handleRequest(null, Object(Config\Cache), false)
 4 SYSTEMPATH\Boot.php(312): CodeIgniter\CodeIgniter->run()
 5 SYSTEMPATH\Boot.php(67): CodeIgniter\Boot::runCodeIgniter(Object(CodeIgniter\CodeIgniter))
 6 FCPATH\index.php(56): CodeIgniter\Boot::bootWeb(Object(Config\Paths))
CRITICAL - 2024-05-23 12:16:22 --> Error: Class "App\Models\UsuarioModel" not found
[Method: POST, Route: iniciarSesion]
in APPPATH\Controllers\UserController.php on line 108.
 1 SYSTEMPATH\CodeIgniter.php(933): App\Controllers\UserController->iniciar_sesion()
 2 SYSTEMPATH\CodeIgniter.php(509): CodeIgniter\CodeIgniter->runController(Object(App\Controllers\UserController))
 3 SYSTEMPATH\CodeIgniter.php(355): CodeIgniter\CodeIgniter->handleRequest(null, Object(Config\Cache), false)
 4 SYSTEMPATH\Boot.php(312): CodeIgniter\CodeIgniter->run()
 5 SYSTEMPATH\Boot.php(67): CodeIgniter\Boot::runCodeIgniter(Object(CodeIgniter\CodeIgniter))
 6 FCPATH\index.php(56): CodeIgniter\Boot::bootWeb(Object(Config\Paths))
CRITICAL - 2024-05-23 12:19:04 --> Error: Class "App\Models\UsuarioModel" not found
[Method: POST, Route: iniciarSesion]
in APPPATH\Controllers\UserController.php on line 108.
 1 SYSTEMPATH\CodeIgniter.php(933): App\Controllers\UserController->iniciar_sesion()
 2 SYSTEMPATH\CodeIgniter.php(509): CodeIgniter\CodeIgniter->runController(Object(App\Controllers\UserController))
 3 SYSTEMPATH\CodeIgniter.php(355): CodeIgniter\CodeIgniter->handleRequest(null, Object(Config\Cache), false)
 4 SYSTEMPATH\Boot.php(312): CodeIgniter\CodeIgniter->run()
 5 SYSTEMPATH\Boot.php(67): CodeIgniter\Boot::runCodeIgniter(Object(CodeIgniter\CodeIgniter))
 6 FCPATH\index.php(56): CodeIgniter\Boot::bootWeb(Object(Config\Paths))
CRITICAL - 2024-05-23 12:19:59 --> Error: Class "App\Controllers\UserModel" not found
[Method: POST, Route: iniciarSesion]
in APPPATH\Controllers\UserController.php on line 108.
 1 SYSTEMPATH\CodeIgniter.php(933): App\Controllers\UserController->iniciar_sesion()
 2 SYSTEMPATH\CodeIgniter.php(509): CodeIgniter\CodeIgniter->runController(Object(App\Controllers\UserController))
 3 SYSTEMPATH\CodeIgniter.php(355): CodeIgniter\CodeIgniter->handleRequest(null, Object(Config\Cache), false)
 4 SYSTEMPATH\Boot.php(312): CodeIgniter\CodeIgniter->run()
 5 SYSTEMPATH\Boot.php(67): CodeIgniter\Boot::runCodeIgniter(Object(CodeIgniter\CodeIgniter))
 6 FCPATH\index.php(56): CodeIgniter\Boot::bootWeb(Object(Config\Paths))
CRITICAL - 2024-05-23 12:22:24 --> Error: Class "App\Controllers\UserModel" not found
[Method: POST, Route: iniciarSesion]
in APPPATH\Controllers\UserController.php on line 108.
 1 SYSTEMPATH\CodeIgniter.php(933): App\Controllers\UserController->iniciar_sesion()
 2 SYSTEMPATH\CodeIgniter.php(509): CodeIgniter\CodeIgniter->runController(Object(App\Controllers\UserController))
 3 SYSTEMPATH\CodeIgniter.php(355): CodeIgniter\CodeIgniter->handleRequest(null, Object(Config\Cache), false)
 4 SYSTEMPATH\Boot.php(312): CodeIgniter\CodeIgniter->run()
 5 SYSTEMPATH\Boot.php(67): CodeIgniter\Boot::runCodeIgniter(Object(CodeIgniter\CodeIgniter))
 6 FCPATH\index.php(56): CodeIgniter\Boot::bootWeb(Object(Config\Paths))
CRITICAL - 2024-05-23 12:22:57 --> CodeIgniter\Database\Exceptions\DatabaseException: You must set the database table to be used with your query.
[Method: POST, Route: iniciarSesion]
in SYSTEMPATH\Database\BaseConnection.php on line 913.
 1 SYSTEMPATH\Model.php(705): CodeIgniter\Database\BaseConnection->table(null)
 2 SYSTEMPATH\Model.php(911): CodeIgniter\Model->builder()
 3 APPPATH\Controllers\UserController.php(109): CodeIgniter\Model->__call('where', [...])
 4 SYSTEMPATH\CodeIgniter.php(933): App\Controllers\UserController->iniciar_sesion()
 5 SYSTEMPATH\CodeIgniter.php(509): CodeIgniter\CodeIgniter->runController(Object(App\Controllers\UserController))
 6 SYSTEMPATH\CodeIgniter.php(355): CodeIgniter\CodeIgniter->handleRequest(null, Object(Config\Cache), false)
 7 SYSTEMPATH\Boot.php(312): CodeIgniter\CodeIgniter->run()
 8 SYSTEMPATH\Boot.php(67): CodeIgniter\Boot::runCodeIgniter(Object(CodeIgniter\CodeIgniter))
 9 FCPATH\index.php(56): CodeIgniter\Boot::bootWeb(Object(Config\Paths))
CRITICAL - 2024-05-23 12:25:12 --> CodeIgniter\Database\Exceptions\DatabaseException: You must set the database table to be used with your query.
[Method: POST, Route: iniciarSesion]
in SYSTEMPATH\Database\BaseConnection.php on line 913.
 1 SYSTEMPATH\Model.php(705): CodeIgniter\Database\BaseConnection->table(null)
 2 SYSTEMPATH\Model.php(911): CodeIgniter\Model->builder()
 3 APPPATH\Controllers\UserController.php(109): CodeIgniter\Model->__call('where', [...])
 4 SYSTEMPATH\CodeIgniter.php(933): App\Controllers\UserController->iniciar_sesion()
 5 SYSTEMPATH\CodeIgniter.php(509): CodeIgniter\CodeIgniter->runController(Object(App\Controllers\UserController))
 6 SYSTEMPATH\CodeIgniter.php(355): CodeIgniter\CodeIgniter->handleRequest(null, Object(Config\Cache), false)
 7 SYSTEMPATH\Boot.php(312): CodeIgniter\CodeIgniter->run()
 8 SYSTEMPATH\Boot.php(67): CodeIgniter\Boot::runCodeIgniter(Object(CodeIgniter\CodeIgniter))
 9 FCPATH\index.php(56): CodeIgniter\Boot::bootWeb(Object(Config\Paths))
CRITICAL - 2024-05-23 12:48:58 --> CodeIgniter\Database\Exceptions\DatabaseException: You must set the database table to be used with your query.
[Method: POST, Route: iniciarSesion]
in SYSTEMPATH\Database\BaseConnection.php on line 913.
 1 SYSTEMPATH\Model.php(705): CodeIgniter\Database\BaseConnection->table(null)
 2 SYSTEMPATH\Model.php(911): CodeIgniter\Model->builder()
 3 APPPATH\Controllers\UserController.php(109): CodeIgniter\Model->__call('where', [...])
 4 SYSTEMPATH\CodeIgniter.php(933): App\Controllers\UserController->iniciar_sesion()
 5 SYSTEMPATH\CodeIgniter.php(509): CodeIgniter\CodeIgniter->runController(Object(App\Controllers\UserController))
 6 SYSTEMPATH\CodeIgniter.php(355): CodeIgniter\CodeIgniter->handleRequest(null, Object(Config\Cache), false)
 7 SYSTEMPATH\Boot.php(312): CodeIgniter\CodeIgniter->run()
 8 SYSTEMPATH\Boot.php(67): CodeIgniter\Boot::runCodeIgniter(Object(CodeIgniter\CodeIgniter))
 9 FCPATH\index.php(56): CodeIgniter\Boot::bootWeb(Object(Config\Paths))
CRITICAL - 2024-05-23 13:14:12 --> CodeIgniter\Database\Exceptions\DatabaseException: You must set the database table to be used with your query.
[Method: POST, Route: iniciarSesion]
in SYSTEMPATH\Database\BaseConnection.php on line 913.
 1 SYSTEMPATH\Model.php(705): CodeIgniter\Database\BaseConnection->table(null)
 2 SYSTEMPATH\Model.php(911): CodeIgniter\Model->builder()
 3 APPPATH\Controllers\UserController.php(109): CodeIgniter\Model->__call('where', [...])
 4 SYSTEMPATH\CodeIgniter.php(933): App\Controllers\UserController->iniciar_sesion()
 5 SYSTEMPATH\CodeIgniter.php(509): CodeIgniter\CodeIgniter->runController(Object(App\Controllers\UserController))
 6 SYSTEMPATH\CodeIgniter.php(355): CodeIgniter\CodeIgniter->handleRequest(null, Object(Config\Cache), false)
 7 SYSTEMPATH\Boot.php(312): CodeIgniter\CodeIgniter->run()
 8 SYSTEMPATH\Boot.php(67): CodeIgniter\Boot::runCodeIgniter(Object(CodeIgniter\CodeIgniter))
 9 FCPATH\index.php(56): CodeIgniter\Boot::bootWeb(Object(Config\Paths))
