INFO - 2025-11-05 13:46:51 --> Session: Class initialized using 'CodeIgniter\Session\Handlers\FileHandler' driver.
INFO - 2025-11-05 13:46:54 --> Session: Class initialized using 'CodeIgniter\Session\Handlers\FileHandler' driver.
INFO - 2025-11-05 13:47:01 --> Session: Class initialized using 'CodeIgniter\Session\Handlers\FileHandler' driver.
INFO - 2025-11-05 13:47:05 --> Session: Class initialized using 'CodeIgniter\Session\Handlers\FileHandler' driver.
INFO - 2025-11-05 13:47:07 --> Session: Class initialized using 'CodeIgniter\Session\Handlers\FileHandler' driver.
INFO - 2025-11-05 13:47:23 --> Session: Class initialized using 'CodeIgniter\Session\Handlers\FileHandler' driver.
INFO - 2025-11-05 13:47:28 --> Session: Class initialized using 'CodeIgniter\Session\Handlers\FileHandler' driver.
INFO - 2025-11-05 13:47:39 --> Session: Class initialized using 'CodeIgniter\Session\Handlers\FileHandler' driver.
CRITICAL - 2025-11-05 13:47:39 --> ErrorException: Undefined array key "nombre_categoria"
[Method: GET, Route: categorias/orden/fecha/desc]
in APPPATH\Views\contenido\categorias.php on line 79.
 1 APPPATH\Views\contenido\categorias.php(79): CodeIgniter\Debug\Exceptions->errorHandler(2, 'Undefined array key "nombre_categoria"', 'C:\\xampp\\htdocs\\proyecto_bret_fati\\app\\Views\\contenido\\categorias.php', 79)
 2 SYSTEMPATH\View\View.php(234): include('C:\\xampp\\htdocs\\proyecto_bret_fati\\app\\Views\\contenido\\categorias.php')
 3 SYSTEMPATH\View\View.php(237): CodeIgniter\View\View->CodeIgniter\View\{closure}()
 4 SYSTEMPATH\Common.php(1171): CodeIgniter\View\View->render('contenido/categorias', [], true)
 5 APPPATH\Controllers\CategoriaController.php(142): view('contenido/categorias', [...])
 6 SYSTEMPATH\CodeIgniter.php(933): App\Controllers\CategoriaController->categorias_orden_fecha('desc')
 7 SYSTEMPATH\CodeIgniter.php(509): CodeIgniter\CodeIgniter->runController(Object(App\Controllers\CategoriaController))
 8 SYSTEMPATH\CodeIgniter.php(355): CodeIgniter\CodeIgniter->handleRequest(null, Object(Config\Cache), false)
 9 SYSTEMPATH\Boot.php(312): CodeIgniter\CodeIgniter->run()
10 SYSTEMPATH\Boot.php(67): CodeIgniter\Boot::runCodeIgniter(Object(CodeIgniter\CodeIgniter))
11 FCPATH\index.php(56): CodeIgniter\Boot::bootWeb(Object(Config\Paths))
INFO - 2025-11-05 13:47:54 --> Session: Class initialized using 'CodeIgniter\Session\Handlers\FileHandler' driver.
INFO - 2025-11-05 13:47:59 --> Session: Class initialized using 'CodeIgniter\Session\Handlers\FileHandler' driver.
INFO - 2025-11-05 13:48:01 --> Session: Class initialized using 'CodeIgniter\Session\Handlers\FileHandler' driver.
INFO - 2025-11-05 13:50:24 --> Session: Class initialized using 'CodeIgniter\Session\Handlers\FileHandler' driver.
INFO - 2025-11-05 13:50:26 --> Session: Class initialized using 'CodeIgniter\Session\Handlers\FileHandler' driver.
INFO - 2025-11-05 13:50:30 --> Session: Class initialized using 'CodeIgniter\Session\Handlers\FileHandler' driver.
CRITICAL - 2025-11-05 13:50:30 --> ErrorException: Undefined array key "nombre_categoria"
[Method: GET, Route: categorias/orden/fecha/desc]
in APPPATH\Views\contenido\categorias.php on line 79.
 1 APPPATH\Views\contenido\categorias.php(79): CodeIgniter\Debug\Exceptions->errorHandler(2, 'Undefined array key "nombre_categoria"', 'C:\\xampp\\htdocs\\proyecto_bret_fati\\app\\Views\\contenido\\categorias.php', 79)
 2 SYSTEMPATH\View\View.php(234): include('C:\\xampp\\htdocs\\proyecto_bret_fati\\app\\Views\\contenido\\categorias.php')
 3 SYSTEMPATH\View\View.php(237): CodeIgniter\View\View->CodeIgniter\View\{closure}()
 4 SYSTEMPATH\Common.php(1171): CodeIgniter\View\View->render('contenido/categorias', [], true)
 5 APPPATH\Controllers\CategoriaController.php(142): view('contenido/categorias', [...])
 6 SYSTEMPATH\CodeIgniter.php(933): App\Controllers\CategoriaController->categorias_orden_fecha('desc')
 7 SYSTEMPATH\CodeIgniter.php(509): CodeIgniter\CodeIgniter->runController(Object(App\Controllers\CategoriaController))
 8 SYSTEMPATH\CodeIgniter.php(355): CodeIgniter\CodeIgniter->handleRequest(null, Object(Config\Cache), false)
 9 SYSTEMPATH\Boot.php(312): CodeIgniter\CodeIgniter->run()
10 SYSTEMPATH\Boot.php(67): CodeIgniter\Boot::runCodeIgniter(Object(CodeIgniter\CodeIgniter))
11 FCPATH\index.php(56): CodeIgniter\Boot::bootWeb(Object(Config\Paths))
INFO - 2025-11-05 13:50:34 --> Session: Class initialized using 'CodeIgniter\Session\Handlers\FileHandler' driver.
CRITICAL - 2025-11-05 13:50:34 --> ErrorException: Undefined array key "nombre_categoria"
[Method: GET, Route: categorias/orden/fecha/desc]
in APPPATH\Views\contenido\categorias.php on line 79.
 1 APPPATH\Views\contenido\categorias.php(79): CodeIgniter\Debug\Exceptions->errorHandler(2, 'Undefined array key "nombre_categoria"', 'C:\\xampp\\htdocs\\proyecto_bret_fati\\app\\Views\\contenido\\categorias.php', 79)
 2 SYSTEMPATH\View\View.php(234): include('C:\\xampp\\htdocs\\proyecto_bret_fati\\app\\Views\\contenido\\categorias.php')
 3 SYSTEMPATH\View\View.php(237): CodeIgniter\View\View->CodeIgniter\View\{closure}()
 4 SYSTEMPATH\Common.php(1171): CodeIgniter\View\View->render('contenido/categorias', [], true)
 5 APPPATH\Controllers\CategoriaController.php(142): view('contenido/categorias', [...])
 6 SYSTEMPATH\CodeIgniter.php(933): App\Controllers\CategoriaController->categorias_orden_fecha('desc')
 7 SYSTEMPATH\CodeIgniter.php(509): CodeIgniter\CodeIgniter->runController(Object(App\Controllers\CategoriaController))
 8 SYSTEMPATH\CodeIgniter.php(355): CodeIgniter\CodeIgniter->handleRequest(null, Object(Config\Cache), false)
 9 SYSTEMPATH\Boot.php(312): CodeIgniter\CodeIgniter->run()
10 SYSTEMPATH\Boot.php(67): CodeIgniter\Boot::runCodeIgniter(Object(CodeIgniter\CodeIgniter))
11 FCPATH\index.php(56): CodeIgniter\Boot::bootWeb(Object(Config\Paths))
